This is pdfTeX, Version 3.141592653-2.6-1.40.25 (MiKTeX 24.1 Portable) (preloaded format=pdflatex 2024.4.12)  18 NOV 2024 20:44
entering extended mode
 restricted \write18 enabled.
 file:line:error style messages enabled.
 %&-line parsing enabled.
**c:/Users/adhtr/src/CV_asg/asg3/Answer.tex
(c:/Users/adhtr/src/CV_asg/asg3/Answer.tex
LaTeX2e <2023-11-01> patch level 1
L3 programming layer <2024-01-04>
(C:\Users\adhtr\scoop\apps\miktex\current\texmfs\install\tex/latex/exam\exam.cls
Document Class: exam 2023/07/09 Version 2.704 by Philip Hirschhorn
(C:\Users\adhtr\scoop\apps\miktex\current\texmfs\install\tex/latex/base\ifthen.sty
Package: ifthen 2022/04/13 v1.1d Standard LaTeX ifthen package (DPC)
) (C:\Users\adhtr\scoop\apps\miktex\current\texmfs\install\tex/latex/base\article.cls
Document Class: article 2023/05/17 v1.4n Standard LaTeX document class
(C:\Users\adhtr\scoop\apps\miktex\current\texmfs\install\tex/latex/base\size12.clo
File: size12.clo 2023/05/17 v1.4n Standard LaTeX file (size option)
)
\c@part=\count187
\c@section=\count188
\c@subsection=\count189
\c@subsubsection=\count190
\c@paragraph=\count191
\c@subparagraph=\count192
\c@figure=\count193
\c@table=\count194
\abovecaptionskip=\skip48
\belowcaptionskip=\skip49
\bibindent=\dimen140
)
\@extrawidth=\skip50
\@rightmargin=\skip51
\@extrahead=\skip52
\@extrafoot=\skip53
\run@exhd=\skip54
\fp@exhd=\skip55
\run@exft=\skip56
\fp@exft=\skip57
\covrun@exhd=\skip58
\covfp@exhd=\skip59
\covrun@exft=\skip60
\covfp@exft=\skip61
\c@num@coverpages=\count195
\c@latest@ques=\count196
\c@ques@end=\count197
\c@last@object=\count198
\c@incmp@ques=\count199
\c@next@ques=\count266
\c@next@page=\count267
\c@tmp@hlfcntr=\count268
\c@ifpos@cntr=\count269
\c@question=\count270
\c@partno=\count271
\c@subpart=\count272
\c@subsubpart=\count273
\c@choice=\count274
\c@numpoints=\count275
\c@numbonuspoints=\count276
\c@pointsof@thisquestion=\count277
\c@bonuspointsof@thisquestion=\count278
\c@numquestions=\count279
\c@numparts=\count280
\c@numsubparts=\count281
\c@numsubsubparts=\count282
\c@Curr@Page=\count283
\c@@pagepoints=\count284
\c@@pagebonuspoints=\count285
\c@pageof@pagepoints=\count286
\c@pageof@pagebonuspoints=\count287
\c@latest@points=\count288
\c@latest@bonuspoints=\count289
\pageinfo@commands=\toks17
\temp@toks=\toks18
\pagepoint@commands=\toks19
\point@toks=\toks20
\c@ques@object=\count290
\marginpointssep=\skip62
\rightpointsmargin=\skip63
\choice@toks=\toks21
\answerlinelength=\skip64
\answerskip=\skip65
\answerclearance=\skip66
\fillinlinelength=\skip67
\linefillheight=\skip68
\linefillthickness=\skip69
\dottedlinefillheight=\skip70
\gridsize=\skip71
\gridlinewidth=\skip72
\minboxheight=\skip73
\c@@iterator=\count291
\@cellwidth=\skip74
\c@tbl@points=\count292
\c@tbl@bonuspoints=\count293
\c@pq@index=\count294
\c@pq@index@pts=\count295
\c@pq@index@bpts=\count296
\c@num@cols=\count297
\c@num@rows=\count298
\c@current@row=\count299
\c@cols@done=\count300
\c@exam@saved@eqnum=\count301
\exam@box=\box51
\saved@totalleftmargin=\dimen141
\@sollistdepth=\count302
\exam@FrameRule=\dimen142
\exam@FrameSep=\dimen143
) (C:\Users\adhtr\scoop\apps\miktex\current\texmfs\install\tex/latex/graphics\graphicx.sty
Package: graphicx 2021/09/16 v1.2d Enhanced LaTeX Graphics (DPC,SPQR)
 (C:\Users\adhtr\scoop\apps\miktex\current\texmfs\install\tex/latex/graphics\keyval.sty
Package: keyval 2022/05/29 v1.15 key=value parser (DPC)
\KV@toks@=\toks22
) (C:\Users\adhtr\scoop\apps\miktex\current\texmfs\install\tex/latex/graphics\graphics.sty
Package: graphics 2022/03/10 v1.4e Standard LaTeX Graphics (DPC,SPQR)
 (C:\Users\adhtr\scoop\apps\miktex\current\texmfs\install\tex/latex/graphics\trig.sty
Package: trig 2021/08/11 v1.11 sin cos tan (DPC)
) (C:\Users\adhtr\scoop\apps\miktex\current\texmfs\install\tex/latex/graphics-cfg\graphics.cfg
File: graphics.cfg 2016/06/04 v1.11 sample graphics configuration
)
Package graphics Info: Driver file: pdftex.def on input line 107.
 (C:\Users\adhtr\scoop\apps\miktex\current\texmfs\install\tex/latex/graphics-def\pdftex.def
File: pdftex.def 2022/09/22 v1.2b Graphics/color driver for pdftex
))
\Gin@req@height=\dimen144
\Gin@req@width=\dimen145
) (C:\Users\adhtr\scoop\apps\miktex\current\texmfs\install\tex/latex/geometry\geometry.sty
Package: geometry 2020/01/02 v5.9 Page Geometry
 (C:\Users\adhtr\scoop\apps\miktex\current\texmfs\install\tex/generic/iftex\ifvtex.sty
Package: ifvtex 2019/10/25 v1.7 ifvtex legacy package. Use iftex instead.
 (C:\Users\adhtr\scoop\apps\miktex\current\texmfs\install\tex/generic/iftex\iftex.sty
Package: iftex 2022/02/03 v1.0f TeX engine tests
))
\Gm@cnth=\count303
\Gm@cntv=\count304
\c@Gm@tempcnt=\count305
\Gm@bindingoffset=\dimen146
\Gm@wd@mp=\dimen147
\Gm@odd@mp=\dimen148
\Gm@even@mp=\dimen149
\Gm@layoutwidth=\dimen150
\Gm@layoutheight=\dimen151
\Gm@layouthoffset=\dimen152
\Gm@layoutvoffset=\dimen153
\Gm@dimlist=\toks23
 (C:\Users\adhtr\scoop\apps\miktex\current\texmfs\install\tex/latex/geometry\geometry.cfg)) (C:\Users\adhtr\scoop\apps\miktex\current\texmfs\install\tex/latex/ulem\ulem.sty
\UL@box=\box52
\UL@hyphenbox=\box53
\UL@skip=\skip75
\UL@hook=\toks24
\UL@height=\dimen154
\UL@pe=\count306
\UL@pixel=\dimen155
\ULC@box=\box54
Package: ulem 2019/11/18
\ULdepth=\dimen156
) (C:\Users\adhtr\scoop\apps\miktex\current\texmfs\install\tex/latex/comment\comment.sty
\CommentStream=\write3
 Excluding comment 'comment') (C:\Users\adhtr\scoop\apps\miktex\current\texmfs\install\tex/latex/hyperref\hyperref.sty
Package: hyperref 2023-11-26 v7.01g Hypertext links for LaTeX
 (C:\Users\adhtr\scoop\apps\miktex\current\texmfs\install\tex/generic/infwarerr\infwarerr.sty
Package: infwarerr 2019/12/03 v1.5 Providing info/warning/error messages (HO)
) (C:\Users\adhtr\scoop\apps\miktex\current\texmfs\install\tex/latex/kvsetkeys\kvsetkeys.sty
Package: kvsetkeys 2022-10-05 v1.19 Key value parser (HO)
) (C:\Users\adhtr\scoop\apps\miktex\current\texmfs\install\tex/generic/kvdefinekeys\kvdefinekeys.sty
Package: kvdefinekeys 2019-12-19 v1.6 Define keys (HO)
) (C:\Users\adhtr\scoop\apps\miktex\current\texmfs\install\tex/generic/pdfescape\pdfescape.sty
Package: pdfescape 2019/12/09 v1.15 Implements pdfTeX's escape features (HO)
 (C:\Users\adhtr\scoop\apps\miktex\current\texmfs\install\tex/generic/ltxcmds\ltxcmds.sty
Package: ltxcmds 2023-12-04 v1.26 LaTeX kernel commands for general use (HO)
) (C:\Users\adhtr\scoop\apps\miktex\current\texmfs\install\tex/generic/pdftexcmds\pdftexcmds.sty
Package: pdftexcmds 2020-06-27 v0.33 Utility functions of pdfTeX for LuaTeX (HO)
Package pdftexcmds Info: \pdf@primitive is available.
Package pdftexcmds Info: \pdf@ifprimitive is available.
Package pdftexcmds Info: \pdfdraftmode found.
)) (C:\Users\adhtr\scoop\apps\miktex\current\texmfs\install\tex/latex/hycolor\hycolor.sty
Package: hycolor 2020-01-27 v1.10 Color options for hyperref/bookmark (HO)
) (C:\Users\adhtr\scoop\apps\miktex\current\texmfs\install\tex/latex/letltxmacro\letltxmacro.sty
Package: letltxmacro 2019/12/03 v1.6 Let assignment for LaTeX macros (HO)
) (C:\Users\adhtr\scoop\apps\miktex\current\texmfs\install\tex/latex/auxhook\auxhook.sty
Package: auxhook 2019-12-17 v1.6 Hooks for auxiliary files (HO)
) (C:\Users\adhtr\scoop\apps\miktex\current\texmfs\install\tex/latex/hyperref\nameref.sty
Package: nameref 2023-11-26 v2.56 Cross-referencing by name of section
 (C:\Users\adhtr\scoop\apps\miktex\current\texmfs\install\tex/latex/refcount\refcount.sty
Package: refcount 2019/12/15 v3.6 Data extraction from label references (HO)
) (C:\Users\adhtr\scoop\apps\miktex\current\texmfs\install\tex/generic/gettitlestring\gettitlestring.sty
Package: gettitlestring 2019/12/15 v1.6 Cleanup title references (HO)
 (C:\Users\adhtr\scoop\apps\miktex\current\texmfs\install\tex/latex/kvoptions\kvoptions.sty
Package: kvoptions 2022-06-15 v3.15 Key value format for package options (HO)
))
\c@section@level=\count307
) (C:\Users\adhtr\scoop\apps\miktex\current\texmfs\install\tex/latex/etoolbox\etoolbox.sty
Package: etoolbox 2020/10/05 v2.5k e-TeX tools for LaTeX (JAW)
\etb@tempcnta=\count308
)
\@linkdim=\dimen157
\Hy@linkcounter=\count309
\Hy@pagecounter=\count310
 (C:\Users\adhtr\scoop\apps\miktex\current\texmfs\install\tex/latex/hyperref\pd1enc.def
File: pd1enc.def 2023-11-26 v7.01g Hyperref: PDFDocEncoding definition (HO)
Now handling font encoding PD1 ...
... no UTF-8 mapping file for font encoding PD1
) (C:\Users\adhtr\scoop\apps\miktex\current\texmfs\install\tex/generic/intcalc\intcalc.sty
Package: intcalc 2019/12/15 v1.3 Expandable calculations with integers (HO)
)
\Hy@SavedSpaceFactor=\count311
 (C:\Users\adhtr\scoop\apps\miktex\current\texmfs\install\tex/latex/hyperref\puenc.def
File: puenc.def 2023-11-26 v7.01g Hyperref: PDF Unicode definition (HO)
Now handling font encoding PU ...
... no UTF-8 mapping file for font encoding PU
)
Package hyperref Info: Hyper figures OFF on input line 4181.
Package hyperref Info: Link nesting OFF on input line 4186.
Package hyperref Info: Hyper index ON on input line 4189.
Package hyperref Info: Plain pages OFF on input line 4196.
Package hyperref Info: Backreferencing OFF on input line 4201.
Package hyperref Info: Implicit mode ON; LaTeX internals redefined.
Package hyperref Info: Bookmarks ON on input line 4448.
\c@Hy@tempcnt=\count312
 (C:\Users\adhtr\scoop\apps\miktex\current\texmfs\install\tex/latex/url\url.sty
\Urlmuskip=\muskip16
Package: url 2013/09/16  ver 3.4  Verb mode for urls, etc.
)
LaTeX Info: Redefining \url on input line 4786.
\XeTeXLinkMargin=\dimen158
 (C:\Users\adhtr\scoop\apps\miktex\current\texmfs\install\tex/generic/bitset\bitset.sty
Package: bitset 2019/12/09 v1.3 Handle bit-vector datatype (HO)
 (C:\Users\adhtr\scoop\apps\miktex\current\texmfs\install\tex/generic/bigintcalc\bigintcalc.sty
Package: bigintcalc 2019/12/15 v1.5 Expandable calculations on big integers (HO)
))
\Fld@menulength=\count313
\Field@Width=\dimen159
\Fld@charsize=\dimen160
Package hyperref Info: Hyper figures OFF on input line 6065.
Package hyperref Info: Link nesting OFF on input line 6070.
Package hyperref Info: Hyper index ON on input line 6073.
Package hyperref Info: backreferencing OFF on input line 6080.
Package hyperref Info: Link coloring OFF on input line 6085.
Package hyperref Info: Link coloring with OCG OFF on input line 6090.
Package hyperref Info: PDF/A mode OFF on input line 6095.
 (C:\Users\adhtr\scoop\apps\miktex\current\texmfs\install\tex/latex/base\atbegshi-ltx.sty
Package: atbegshi-ltx 2021/01/10 v1.0c Emulation of the original atbegshi
package with kernel methods
)
\Hy@abspage=\count314
\c@Item=\count315
\c@Hfootnote=\count316
)
Package hyperref Info: Driver (autodetected): hpdftex.
 (C:\Users\adhtr\scoop\apps\miktex\current\texmfs\install\tex/latex/hyperref\hpdftex.def
File: hpdftex.def 2023-11-26 v7.01g Hyperref driver for pdfTeX
 (C:\Users\adhtr\scoop\apps\miktex\current\texmfs\install\tex/latex/base\atveryend-ltx.sty
Package: atveryend-ltx 2020/08/19 v1.0a Emulation of the original atveryend package
with kernel methods
)
\Fld@listcount=\count317
\c@bookmark@seq@number=\count318
 (C:\Users\adhtr\scoop\apps\miktex\current\texmfs\install\tex/latex/rerunfilecheck\rerunfilecheck.sty
Package: rerunfilecheck 2022-07-10 v1.10 Rerun checks for auxiliary files (HO)
 (C:\Users\adhtr\scoop\apps\miktex\current\texmfs\install\tex/generic/uniquecounter\uniquecounter.sty
Package: uniquecounter 2019/12/15 v1.4 Provide unlimited unique counter (HO)
)
Package uniquecounter Info: New unique counter `rerunfilecheck' on input line 285.
)
\Hy@SectionHShift=\skip76
) (C:\Users\adhtr\scoop\apps\miktex\current\texmfs\install\tex/latex/float\float.sty
Package: float 2001/11/08 v1.3d Float enhancements (AL)
\c@float@type=\count319
\float@exts=\toks25
\float@box=\box55
\@float@everytoks=\toks26
\@floatcapt=\box56
) (C:\Users\adhtr\scoop\apps\miktex\current\texmfs\install\tex/latex/l3backend\l3backend-pdftex.def
File: l3backend-pdftex.def 2024-01-04 L3 backend support: PDF output (pdfTeX)
\l__color_backend_stack_int=\count320
\l__pdf_internal_box=\box57
) (c:\Users\adhtr\src\CV_asg\asg3\tex_build\Answer.aux)
\openout1 = `Answer.aux'.

LaTeX Font Info:    Checking defaults for OML/cmm/m/it on input line 12.
LaTeX Font Info:    ... okay on input line 12.
LaTeX Font Info:    Checking defaults for OMS/cmsy/m/n on input line 12.
LaTeX Font Info:    ... okay on input line 12.
LaTeX Font Info:    Checking defaults for OT1/cmr/m/n on input line 12.
LaTeX Font Info:    ... okay on input line 12.
LaTeX Font Info:    Checking defaults for T1/cmr/m/n on input line 12.
LaTeX Font Info:    ... okay on input line 12.
LaTeX Font Info:    Checking defaults for TS1/cmr/m/n on input line 12.
LaTeX Font Info:    ... okay on input line 12.
LaTeX Font Info:    Checking defaults for OMX/cmex/m/n on input line 12.
LaTeX Font Info:    ... okay on input line 12.
LaTeX Font Info:    Checking defaults for U/cmr/m/n on input line 12.
LaTeX Font Info:    ... okay on input line 12.
LaTeX Font Info:    Checking defaults for PD1/pdf/m/n on input line 12.
LaTeX Font Info:    ... okay on input line 12.
LaTeX Font Info:    Checking defaults for PU/pdf/m/n on input line 12.
LaTeX Font Info:    ... okay on input line 12.
 (C:\Users\adhtr\scoop\apps\miktex\current\texmfs\install\tex/context/base/mkii\supp-pdf.mkii
[Loading MPS to PDF converter (version 2006.09.02).]
\scratchcounter=\count321
\scratchdimen=\dimen161
\scratchbox=\box58
\nofMPsegments=\count322
\nofMParguments=\count323
\everyMPshowfont=\toks27
\MPscratchCnt=\count324
\MPscratchDim=\dimen162
\MPnumerator=\count325
\makeMPintoPDFobject=\count326
\everyMPtoPDFconversion=\toks28
) (C:\Users\adhtr\scoop\apps\miktex\current\texmfs\install\tex/latex/epstopdf-pkg\epstopdf-base.sty
Package: epstopdf-base 2020-01-24 v2.11 Base part for package epstopdf
Package epstopdf-base Info: Redefining graphics rule for `.eps' on input line 485.
 (C:\Users\adhtr\scoop\apps\miktex\current\texmfs\install\tex/latex/00miktex\epstopdf-sys.cfg
File: epstopdf-sys.cfg 2021/03/18 v2.0 Configuration of epstopdf for MiKTeX
))
*geometry* driver: auto-detecting
*geometry* detected driver: pdftex
*geometry* verbose mode - [ preamble ] result:
* driver: pdftex
* paper: a4paper
* layout: <same size as paper>
* layoutoffset:(h,v)=(0.0pt,0.0pt)
* modes: 
* h-part:(L,W,R)=(57.81621pt, 448.07378pt, 91.61789pt)
* v-part:(T,H,B)=(50.58878pt, 722.7pt, 71.75807pt)
* \paperwidth=597.50787pt
* \paperheight=845.04684pt
* \textwidth=448.07378pt
* \textheight=722.7pt
* \oddsidemargin=-14.45378pt
* \evensidemargin=-14.45378pt
* \topmargin=-51.68121pt
* \headheight=15.0pt
* \headsep=15.0pt
* \topskip=12.0pt
* \footskip=29.0pt
* \marginparwidth=36.135pt
* \marginparsep=5.0pt
* \columnsep=10.0pt
* \skip\footins=10.8pt plus 4.0pt minus 2.0pt
* \hoffset=0.0pt
* \voffset=0.0pt
* \mag=1000
* \@twocolumnfalse
* \@twosidefalse
* \@mparswitchfalse
* \@reversemarginfalse
* (1in=72.27pt=25.4mm, 1cm=28.453pt)

Package hyperref Info: Link coloring OFF on input line 12.
(c:\Users\adhtr\src\CV_asg\asg3\tex_build\Answer.out) (c:\Users\adhtr\src\CV_asg\asg3\tex_build\Answer.out)
\@outlinefile=\write4
\openout4 = `Answer.out'.

<res/iiserb_logo.png, id=3, 452.69125pt x 555.07375pt>
File: res/iiserb_logo.png Graphic file (type png)
<use res/iiserb_logo.png>
Package pdftex.def Info: res/iiserb_logo.png  used on input line 17.
(pdftex.def)             Requested size: 80.65831pt x 98.8926pt.

Overfull \hbox (35.8482pt too wide) in paragraph at lines 16--18
[] 
 []

LaTeX Font Info:    External font `cmex10' loaded for size
(Font)              <12> on input line 18.
LaTeX Font Info:    External font `cmex10' loaded for size
(Font)              <8> on input line 18.
LaTeX Font Info:    External font `cmex10' loaded for size
(Font)              <6> on input line 18.
<res/Albert_Einstein.jpg, id=5, 770.88pt x 708.6475pt>
File: res/Albert_Einstein.jpg Graphic file (type jpg)
<use res/Albert_Einstein.jpg>
Package pdftex.def Info: res/Albert_Einstein.jpg  used on input line 76.
(pdftex.def)             Requested size: 134.4235pt x 123.57184pt.
(tex/answer1.tex [1

{C:/Users/adhtr/scoop/apps/miktex/current/texmfs/data/fonts/map/pdftex/pdftex.map}
pdfTeX warning (ext4): destination with the same identifier (name{figure.1}) has been already used, duplicate ignored
<argument> ...shipout:D \box_use:N \l_shipout_box 
                                                  \__shipout_drop_firstpage_...
l.1 \textbf{SHIFT}
                   <./res/iiserb_logo.png> <./res/Albert_Einstein.jpg>]
<res/blur.png, id=26, 1134.639pt x 273.9033pt>
File: res/blur.png Graphic file (type png)
<use res/blur.png>
Package pdftex.def Info: res/blur.png  used on input line 7.
(pdftex.def)             Requested size: 448.07378pt x 108.16344pt.
<res/sift_keypoints.png, id=27, 570.933pt x 586.8324pt>
File: res/sift_keypoints.png Graphic file (type png)
<use res/sift_keypoints.png>
Package pdftex.def Info: res/sift_keypoints.png  used on input line 33.
(pdftex.def)             Requested size: 147.86516pt x 151.98183pt.
<res/sift_blobs.png, id=28, 570.933pt x 586.8324pt>
File: res/sift_blobs.png Graphic file (type png)
<use res/sift_blobs.png>
Package pdftex.def Info: res/sift_blobs.png  used on input line 34.
(pdftex.def)             Requested size: 147.86516pt x 151.98183pt.
 [2
pdfTeX warning (ext4): destination with the same identifier (name{figure.2}) has been already used, duplicate ignored
<argument> ...shipout:D \box_use:N \l_shipout_box 
                                                  \__shipout_drop_firstpage_...
l.40 \newpage
             
pdfTeX warning (ext4): destination with the same identifier (name{figure.3}) has been already used, duplicate ignored
<argument> ...shipout:D \box_use:N \l_shipout_box 
                                                  \__shipout_drop_firstpage_...
l.40 \newpage
              <./res/blur.png> <./res/sift_keypoints.png> <./res/sift_blobs.png>]
<res/bow_patches.png, id=46, 1134.639pt x 638.1441pt>
File: res/bow_patches.png Graphic file (type png)
<use res/bow_patches.png>
Package pdftex.def Info: res/bow_patches.png  used on input line 48.
(pdftex.def)             Requested size: 448.07378pt x 252.00085pt.
<res/bow_hist.png, id=47, 455.301pt x 278.2395pt>
File: res/bow_hist.png Graphic file (type png)
<use res/bow_hist.png>
Package pdftex.def Info: res/bow_hist.png  used on input line 50.
(pdftex.def)             Requested size: 448.07378pt x 273.8319pt.
 [3
pdfTeX warning (ext4): destination with the same identifier (name{figure.4}) has been already used, duplicate ignored
<argument> ...shipout:D \box_use:N \l_shipout_box 
                                                  \__shipout_drop_firstpage_...
l.56 \newpage
             
pdfTeX warning (ext4): destination with the same identifier (name{figure.5}) has been already used, duplicate ignored
<argument> ...shipout:D \box_use:N \l_shipout_box 
                                                  \__shipout_drop_firstpage_...
l.56 \newpage
              <./res/bow_patches.png> <./res/bow_hist.png>]
<res/chog.png, id=56, 682.2288pt x 712.5822pt>
File: res/chog.png Graphic file (type png)
<use res/chog.png>
Package pdftex.def Info: res/chog.png  used on input line 64.
(pdftex.def)             Requested size: 268.847pt x 280.80905pt.
<res/hog_feature.png, id=57, 733.5405pt x 419.8887pt>
File: res/hog_feature.png Graphic file (type png)
<use res/hog_feature.png>
Package pdftex.def Info: res/hog_feature.png  used on input line 66.
(pdftex.def)             Requested size: 403.26366pt x 230.83058pt.
) [4
pdfTeX warning (ext4): destination with the same identifier (name{figure.6}) has been already used, duplicate ignored
<argument> ...shipout:D \box_use:N \l_shipout_box 
                                                  \__shipout_drop_firstpage_...
l.87 \newpage
             
pdfTeX warning (ext4): destination with the same identifier (name{figure.7}) has been already used, duplicate ignored
<argument> ...shipout:D \box_use:N \l_shipout_box 
                                                  \__shipout_drop_firstpage_...
l.87 \newpage
              <./res/chog.png> <./res/hog_feature.png>] (tex/answer2.tex
<res/lk_track.png, id=66, 579.66562pt x 457.71pt>
File: res/lk_track.png Graphic file (type png)
<use res/lk_track.png>
Package pdftex.def Info: res/lk_track.png  used on input line 7.
(pdftex.def)             Requested size: 448.07378pt x 353.80667pt.
 [5
pdfTeX warning (ext4): destination with the same identifier (name{figure.8}) has been already used, duplicate ignored
<argument> ...shipout:D \box_use:N \l_shipout_box 
                                                  \__shipout_drop_firstpage_...
l.12 \newpage
              <./res/lk_track.png>]
<res/optical_flow.png, id=74, 579.66562pt x 457.71pt>
File: res/optical_flow.png Graphic file (type png)
<use res/optical_flow.png>
Package pdftex.def Info: res/optical_flow.png  used on input line 20.
(pdftex.def)             Requested size: 448.07378pt x 353.80667pt.
) [6
pdfTeX warning (ext4): destination with the same identifier (name{figure.9}) has been already used, duplicate ignored
<argument> ...shipout:D \box_use:N \l_shipout_box 
                                                  \__shipout_drop_firstpage_...
l.105 \end{document}
                     <./res/optical_flow.png>]
This exam contains 2 questions with 0 parts, 0 subparts, and 0 subsubparts.
(c:\Users\adhtr\src\CV_asg\asg3\tex_build\Answer.aux)
 ***********
LaTeX2e <2023-11-01> patch level 1
L3 programming layer <2024-01-04>
 ***********
Package rerunfilecheck Info: File `Answer.out' has not changed.
(rerunfilecheck)             Checksum: D41D8CD98F00B204E9800998ECF8427E;0.
 ) 
Here is how much of TeX's memory you used:
 10297 strings out of 474486
 162925 string characters out of 5738545
 1939542 words of memory out of 5000000
 32441 multiletter control sequences out of 15000+600000
 563474 words of font info for 54 fonts, out of 8000000 for 9000
 1141 hyphenation exceptions out of 8191
 75i,11n,79p,477b,566s stack positions out of 10000i,1000n,20000p,200000b,200000s
 <C:\Users\adhtr\scoop\apps\miktex\current\texmfs/data\fonts/pk/ljfour/jknappen/ec/dpi600\tcrm1200.pk><C:/Users/adhtr/scoop/apps/miktex/current/texmfs/install/fonts/type1/public/amsfonts/cm/cmbx10.pfb><C:/Users/adhtr/scoop/apps/miktex/current/texmfs/install/fonts/type1/public/amsfonts/cm/cmbx12.pfb><C:/Users/adhtr/scoop/apps/miktex/current/texmfs/install/fonts/type1/public/amsfonts/cm/cmbxti10.pfb><C:/Users/adhtr/scoop/apps/miktex/current/texmfs/install/fonts/type1/public/amsfonts/cm/cmr10.pfb><C:/Users/adhtr/scoop/apps/miktex/current/texmfs/install/fonts/type1/public/amsfonts/cm/cmr12.pfb><C:/Users/adhtr/scoop/apps/miktex/current/texmfs/install/fonts/type1/public/amsfonts/cm/cmti12.pfb>
Output written on c:\Users\adhtr\src\CV_asg\asg3\tex_build\Answer.pdf (6 pages, 3229444 bytes).
PDF statistics:
 118 PDF objects out of 1000 (max. 8388607)
 31 named destinations out of 1000 (max. 500000)
 56 words of extra memory for PDF output out of 10000 (max. 10000000)

